#
# A fatal error has been detected by the Java Runtime Environment:
#
#  EXCEPTION_ACCESS_VIOLATION (0xc0000005) at pc=0x0000015e50fd95c6, pid=18556, tid=25788
#
# JRE version: OpenJDK Runtime Environment Temurin-21.0.4+7 (21.0.4+7) (build 21.0.4+7-LTS)
# Java VM: OpenJDK 64-Bit Server VM Temurin-21.0.4+7 (21.0.4+7-LTS, mixed mode, emulated-client, tiered, compressed oops, compressed class ptrs, g1 gc, windows-amd64)
# Problematic frame:
# j  jakarta.servlet.http.HttpServletRequestWrapper.login(Ljava/lang/String;Ljava/lang/String;)V+1
#
# No core dump will be written. Minidumps are not enabled by default on client versions of Windows
#
# If you would like to submit a bug report, please visit:
#   https://github.com/adoptium/adoptium-support/issues
#

---------------  S U M M A R Y ------------

Command Line: -Dcom.sun.management.jmxremote -Dcom.sun.management.jmxremote.port=49478 -Dcom.sun.management.jmxremote.authenticate=false -Dcom.sun.management.jmxremote.ssl=false -Djava.rmi.server.hostname=localhost -Dspring.jmx.enabled=true -Dmanagement.endpoints.jmx.exposure.include=* -Dspring.application.admin.enabled=true -XX:TieredStopAtLevel=1 -Dspring.boot.project.name=login -Dfile.encoding=UTF-8 -Dstdout.encoding=UTF-8 -Dstderr.encoding=UTF-8 -XX:+ShowCodeDetailsInExceptionMessages -agentpath:C:\Program Files\SentinelOne\Sentinel Agent 24.1.5.277\SentinelJava64.dll=extendedCapabilities com.login.login.LoginApplication --spring.output.ansi.enabled=always

Host: 12th Gen Intel(R) Core(TM) i7-12700, 20 cores, 15G,  Windows 11 , 64 bit Build 26100 (10.0.26100.3037)
Time: Fri Feb 28 12:45:32 2025 India Standard Time elapsed time: 719.953248 seconds (0d 0h 11m 59s)

---------------  T H R E A D  ---------------

Current thread (0x0000015e625361c0):  JavaThread "http-nio-8585-exec-3" daemon [_thread_in_Java, id=25788, stack(0x0000000c7cb00000,0x0000000c7cc00000) (1024K)]

Stack: [0x0000000c7cb00000,0x0000000c7cc00000],  sp=0x0000000c7cbfbf88,  free space=1007k
Native frames: (J=compiled Java code, j=interpreted, Vv=VM code, C=native code)
C  0x0000015e50fd95c6

The last pc belongs to invokevirtual (printed below).

siginfo: EXCEPTION_ACCESS_VIOLATION (0xc0000005), reading address 0x00000000ffffffff


Registers:
RAX=0x0000000000100000, RBX=0x0000015e5f500ff0, RCX=0x00000000ffffffff, RDX=0x0000000080100001
RSP=0x0000000c7cbfbf88, RBP=0x0000000c7cbfbfe0, RSI=0x0000000c7cbfc3e0, RDI=0x0000000c7cbfc3e8
R8 =0x0000000c7cbfc3f0, R9 =0x0000000000000001, R10=0x00007ffed4f87040, R11=0x0000000c7cbfc1d8
R12=0x0000000000000000, R13=0x0000015e5f502381, R14=0x0000000c7cbfc000, R15=0x0000015e625361c0
RIP=0x0000015e50fd95c6, EFLAGS=0x0000000000010206


Register to memory mapping:

RAX=1048576 is a compressed pointer to class: 0x0000000800100000
jdk.jfr.internal.jfc.model.XmlFlag {0x0000000800100008}
 - instance size:     5
 - klass size:        80
 - access:            final synchronized 
 - flags:             rewritten has_nonstatic_fields has_localvariable_table has_resolved_methods 
 - state:             fully_initialized
 - name:              'jdk/jfr/internal/jfc/model/XmlFlag'
 - super:             'jdk/jfr/internal/jfc/model/XmlInput'
 - sub:               
 - arrays:            null
 - methods:           Array<T>(0x0000015e5d8ceb88)
 - method ordering:   Array<T>(0x0000015e5d000018)
 - default_methods:   Array<T>(0x0000000000000000)
 - local interfaces:  Array<T>(0x0000015e5d000058)
 - trans. interfaces: Array<T>(0x0000015e5d8ccb08)
 - constants:         constant pool [133] {0x0000015e5d8ce6d0} for 'jdk/jfr/internal/jfc/model/XmlFlag' cache=0x0000015e5d8d2e40
 - class loader data:  loader data: 0x0000015e599a54a0 of 'bootstrap'
 - source file:       'XmlFlag.java'
 - class annotations:       Array<T>(0x0000000000000000)
 - class type annotations:  Array<T>(0x0000000000000000)
 - field annotations:       Array<T>(0x0000000000000000)
 - field type annotations:  Array<T>(0x0000000000000000)
 - inner classes:     Array<T>(0x0000015e5d000028)
 - nest members:     Array<T>(0x0000015e5d000028)
 - permitted subclasses:     Array<T>(0x0000015e5d000028)
 - java mirror:       a 'java/lang/Class'{0x0000000705253130} = 'jdk/jfr/internal/jfc/model/XmlFlag'
 - vtable length      17  (start addr: 0x00000008001001c8)
 - itable length      5 (start addr: 0x0000000800100250)
 - ---- static fields (0 words):
 - ---- non-static fields (7 words):
 - private final 'attributes' 'Ljava/util/Map;' @12 
 - private final 'elements' 'Ljava/util/List;' @16 
 - private final 'listeners' 'Ljava/util/List;' @20 
 - private final 'producers' 'Ljava/util/List;' @24 
 - private final 'elementName' 'Ljava/lang/String;' @28 
 - private 'parent' 'Ljdk/jfr/internal/jfc/model/XmlElement;' @32 
 - private 'content' 'Ljava/lang/String;' @36 
 - non-static oop maps: 12-36 
RBX={method} {0x0000015e5f500ff8} '_getHttpServletRequest' '()Ljakarta/servlet/http/HttpServletRequest;' in 'jakarta/servlet/http/HttpServletRequestWrapper'
RCX=0x00000000ffffffff is an unknown value
RDX=0x0000000080100001 is an unknown value
RSP=0x0000000c7cbfbf88 is pointing into the stack for thread: 0x0000015e625361c0
RBP=0x0000000c7cbfbfe0 is pointing into the stack for thread: 0x0000015e625361c0
RSI=0x0000000c7cbfc3e0 is pointing into the stack for thread: 0x0000015e625361c0
RDI=0x0000000c7cbfc3e8 is pointing into the stack for thread: 0x0000015e625361c0
R8 =0x0000000c7cbfc3f0 is pointing into the stack for thread: 0x0000015e625361c0
R9 =0x0000000000000001 is an unknown value
R10=0x00007ffed4f87040 jvm.dll
R11=0x0000000c7cbfc1d8 is pointing into the stack for thread: 0x0000015e625361c0
R12=0x0 is null
R13=0x0000015e5f502381 is pointing into metadata
R14=0x0000000c7cbfc000 is pointing into the stack for thread: 0x0000015e625361c0
R15=0x0000015e625361c0 is a thread

Top of Stack: (sp=0x0000000c7cbfbf88)
0x0000000c7cbfbf88:   0000015e50fc88a4 00000000ffffffff
0x0000000c7cbfbf98:   0000000c7cbfbf98 0000015e5f502381
0x0000000c7cbfbfa8:   0000000000000004 0000015e5f503058
0x0000000c7cbfbfb8:   0000000000000000 0000000706d852e8
0x0000000c7cbfbfc8:   0000015e5f5023c0 0000000000000000
0x0000000c7cbfbfd8:   0000000c7cbfbff0 0000000c7cbfc1d0
0x0000000c7cbfbfe8:   0000015e50fc100d 00000007074eef40
0x0000000c7cbfbff8:   0000000c7cbfd450 00000000ffffffff
0x0000000c7cbfc008:   0000000000000000 0000000000000080
0x0000000c7cbfc018:   0000000000000003 0000015e59a6ae60
0x0000000c7cbfc028:   0000015e625361c0 00000000ffffffff
0x0000000c7cbfc038:   00007ffed46f4005 0000000c7cbfd450
0x0000000c7cbfc048:   0000000000000080 0000000c7cbfc140
0x0000000c7cbfc058:   0000000000000001 0000015e00000080
0x0000000c7cbfc068:   0000015e00000003 0000f62454a4db7f
0x0000000c7cbfc078:   00000000000003d8 0000015e628ef428
0x0000000c7cbfc088:   0000015e5cbfc8f0 0000015e625361c0
0x0000000c7cbfc098:   0000000c7cbfd5e0 0000000c7cbfc4e0
0x0000000c7cbfc0a8:   0000015e628ef428 000000000000000c
0x0000000c7cbfc0b8:   0000000c7cbfc3d0 00007fff60d998b0
0x0000000c7cbfc0c8:   00007fff60c70139 0000000c7cbfd5e0
0x0000000c7cbfc0d8:   00007ffed45d585d 0000000000000009
0x0000000c7cbfc0e8:   0000015e5cbfc8f0 0000000000000000
0x0000000c7cbfc0f8:   0000000000000000 0000000000000000
0x0000000c7cbfc108:   0000000000000000 0000000000000000
0x0000000c7cbfc118:   0000000000000000 0000000000000000
0x0000000c7cbfc128:   0000000000000000 0000000000000000
0x0000000c7cbfc138:   0000000000000000 0000000000000000
0x0000000c7cbfc148:   0000000000000000 0000000000000000
0x0000000c7cbfc158:   0000000000000000 0000000000000000
0x0000000c7cbfc168:   0000000000000000 0000000000000000
0x0000000c7cbfc178:   0000000000000000 0000000000000000 

Instructions: (pc=0x0000015e50fd95c6)
0x0000015e50fd94c6:   00 81 fb b6 00 00 00 0f 84 b4 00 00 00 bb b6 00
0x0000015e50fd94d6:   00 00 e8 05 00 00 00 e9 99 00 00 00 48 8b d3 48
0x0000015e50fd94e6:   8d 44 24 08 4c 89 6d c0 49 8b cf c5 f8 77 49 89
0x0000015e50fd94f6:   af a8 03 00 00 49 89 87 98 03 00 00 48 83 ec 20
0x0000015e50fd9506:   40 f6 c4 0f 0f 84 19 00 00 00 48 83 ec 08 48 b8
0x0000015e50fd9516:   60 66 6a d4 fe 7f 00 00 ff d0 48 83 c4 08 e9 0c
0x0000015e50fd9526:   00 00 00 48 b8 60 66 6a d4 fe 7f 00 00 ff d0 48
0x0000015e50fd9536:   83 c4 20 49 c7 87 98 03 00 00 00 00 00 00 49 c7
0x0000015e50fd9546:   87 a8 03 00 00 00 00 00 00 49 c7 87 a0 03 00 00
0x0000015e50fd9556:   00 00 00 00 c5 f8 77 49 83 7f 08 00 0f 84 05 00
0x0000015e50fd9566:   00 00 e9 93 79 fe ff 4c 8b 6d c0 4c 8b 75 c8 4e
0x0000015e50fd9576:   8d 74 f5 00 c3 41 0f b7 55 01 48 8b 4d d0 c1 e2
0x0000015e50fd9586:   02 48 8b 5c d1 48 8b 54 d1 50 8b ca 81 e1 ff 00
0x0000015e50fd9596:   00 00 48 8b 4c cc f8 44 8b ea c1 ea 1c 49 ba 40
0x0000015e50fd95a6:   70 f8 d4 fe 7f 00 00 49 8b 14 d2 52 41 8b d5 4c
0x0000015e50fd95b6:   8b 6d c0 8b c2 25 00 00 10 00 0f 84 0f 00 00 00
0x0000015e50fd95c6:   48 3b 01 4c 8d 6c 24 08 4c 89 6d f0 ff 63 50 8b
0x0000015e50fd95d6:   41 08 49 ba 00 00 00 00 08 00 00 00 49 03 c2 48
0x0000015e50fd95e6:   8b 9c d8 c8 01 00 00 4c 8d 6c 24 08 4c 89 6d f0
0x0000015e50fd95f6:   ff 63 50 0f 1f 80 00 00 00 00 60 60 cb d4 fe 7f
0x0000015e50fd9606:   00 00 60 01 00 00 b7 00 00 00 00 00 00 00 00 00
0x0000015e50fd9616:   00 00 00 00 00 00 00 00 00 00 48 83 ec 08 c5 fa
0x0000015e50fd9626:   11 04 24 eb 1f 48 83 ec 10 c5 fb 11 04 24 eb 14
0x0000015e50fd9636:   48 83 ec 10 48 89 04 24 48 c7 44 24 08 00 00 00
0x0000015e50fd9646:   00 eb 01 50 4c 89 6d c0 41 0f b7 55 01 48 8b 4d
0x0000015e50fd9656:   d0 c1 e2 02 8b 5c d1 38 c1 eb 10 81 e3 ff 00 00
0x0000015e50fd9666:   00 81 fb b7 00 00 00 0f 84 b4 00 00 00 bb b7 00
0x0000015e50fd9676:   00 00 e8 05 00 00 00 e9 99 00 00 00 48 8b d3 48
0x0000015e50fd9686:   8d 44 24 08 4c 89 6d c0 49 8b cf c5 f8 77 49 89
0x0000015e50fd9696:   af a8 03 00 00 49 89 87 98 03 00 00 48 83 ec 20
0x0000015e50fd96a6:   40 f6 c4 0f 0f 84 19 00 00 00 48 83 ec 08 48 b8
0x0000015e50fd96b6:   60 66 6a d4 fe 7f 00 00 ff d0 48 83 c4 08 e9 0c 


Stack slot to memory mapping:

stack at sp + 0 slots: 0x0000015e50fc88a4 is at code_begin+1252 in an Interpreter codelet
return entry points  [0x0000015e50fc83c0, 0x0000015e50fc8c68]  2216 bytes
stack at sp + 1 slots: 0x00000000ffffffff is an unknown value
stack at sp + 2 slots: 0x0000000c7cbfbf98 is pointing into the stack for thread: 0x0000015e625361c0
stack at sp + 3 slots: 0x0000015e5f502381 is pointing into metadata
stack at sp + 4 slots: 0x0000000000000004 is an unknown value
stack at sp + 5 slots: 0x0000015e5f503058 is pointing into metadata
stack at sp + 6 slots: 0x0 is null
stack at sp + 7 slots: 0x0000000706d852e8 is an oop: java.lang.Class 
{0x0000000706d852e8} - klass: 'java/lang/Class'
 - ---- fields (total size 14 words):
 - private volatile transient 'classRedefinedCount' 'I' @12  0 (0x00000000)
 - injected 'klass' 'J' @16  34365524744 (0x0000000800584b08)
 - injected 'array_klass' 'J' @24  0 (0x0000000000000000)
 - injected 'oop_size' 'I' @32  14 (0x0000000e)
 - injected 'static_oop_field_count' 'I' @36  0 (0x00000000)
 - private volatile transient 'cachedConstructor' 'Ljava/lang/reflect/Constructor;' @40  null (0x00000000)
 - private transient 'name' 'Ljava/lang/String;' @44  "jakarta.servlet.http.HttpServletRequestWrapper"{0x0000000706d85358} (0xe0db0a6b)
 - private transient 'module' 'Ljava/lang/Module;' @48  a 'java/lang/Module'{0x00000007052fef28} (0xe0a5fde5)
 - private final 'classLoader' 'Ljava/lang/ClassLoader;' @52  a 'jdk/internal/loader/ClassLoaders$AppClassLoader'{0x00000007052ebdb8} (0xe0a5d7b7)
 - private transient 'classData' 'Ljava/lang/Object;' @56  null (0x00000000)
 - private transient 'packageName' 'Ljava/lang/String;' @60  "jakarta.servlet.http"{0x0000000705b68ca8} (0xe0b6d195)
 - private final 'componentType' 'Ljava/lang/Class;' @64  null (0x00000000)
 - private volatile transient 'reflectionData' 'Ljava/lang/ref/SoftReference;' @68  null (0x00000000)
 - private volatile transient 'genericInfo' 'Lsun/reflect/generics/repository/ClassRepository;' @72  null (0x00000000)
 - private volatile transient 'enumConstants' '[Ljava/lang/Object;' @76  null (0x00000000)
 - private volatile transient 'enumConstantDirectory' 'Ljava/util/Map;' @80  null (0x00000000)
 - private volatile transient 'annotationData' 'Ljava/lang/Class$AnnotationData;' @84  null (0x00000000)
 - private volatile transient 'annotationType' 'Lsun/reflect/annotation/AnnotationType;' @88  null (0x00000000)
 - transient 'classValueMap' 'Ljava/lang/ClassValue$ClassValueMap;' @92  null (0x00000000)
 - injected 'protection_domain' 'Ljava/lang/Object;' @96  a 'java/security/ProtectionDomain'{0x000000070582fb98} (0xe0b05f73)
 - injected 'signers_name' 'Ljava/lang/Object;' @100  null (0x00000000)
 - injected 'source_file' 'Ljava/lang/Object;' @104  null (0x00000000)
 - signature: Ljakarta/servlet/http/HttpServletRequestWrapper;
 - ---- static fields (0):

invokevirtual  182 invokevirtual  [0x0000015e50fd9480, 0x0000015e50fd9600]  384 bytes
[MachCode]
  0x0000015e50fd9480: 4883 ec08 | c5fa 1104 | 24eb 1f48 | 83ec 10c5 | fb11 0424 | eb14 4883 | ec10 4889 | 0424 48c7 
  0x0000015e50fd94a0: 4424 0800 | 0000 00eb | 0150 4c89 | 6dc0 410f | b755 0148 | 8b4d d0c1 | e202 8b5c | d138 c1eb 
  0x0000015e50fd94c0: 1881 e3ff | 0000 0081 | fbb6 0000 | 000f 84b4 | 0000 00bb | b600 0000 | e805 0000 | 00e9 9900 
  0x0000015e50fd94e0: 0000 488b | d348 8d44 | 2408 4c89 | 6dc0 498b | cfc5 f877 | 4989 afa8 | 0300 0049 | 8987 9803 
  0x0000015e50fd9500: 0000 4883 | ec20 40f6 | c40f 0f84 | 1900 0000 | 4883 ec08 | 48b8 6066 | 6ad4 fe7f | 0000 ffd0 
  0x0000015e50fd9520: 4883 c408 | e90c 0000 | 0048 b860 | 666a d4fe | 7f00 00ff | d048 83c4 | 2049 c787 | 9803 0000 
  0x0000015e50fd9540: 0000 0000 | 49c7 87a8 | 0300 0000 | 0000 0049 | c787 a003 | 0000 0000 | 0000 c5f8 | 7749 837f 
  0x0000015e50fd9560: 0800 0f84 | 0500 0000 | e993 79fe | ff4c 8b6d | c04c 8b75 | c84e 8d74 | f500 c341 | 0fb7 5501 
  0x0000015e50fd9580: 488b 4dd0 | c1e2 0248 | 8b5c d148 | 8b54 d150 | 8bca 81e1 | ff00 0000 | 488b 4ccc | f844 8bea 
  0x0000015e50fd95a0: c1ea 1c49 | ba40 70f8 | d4fe 7f00 | 0049 8b14 | d252 418b | d54c 8b6d | c08b c225 | 0000 1000 
  0x0000015e50fd95c0: 0f84 0f00 | 0000 483b | 014c 8d6c | 2408 4c89 | 6df0 ff63 | 508b 4108 | 49ba 0000 | 0000 0800 
  0x0000015e50fd95e0: 0000 4903 | c248 8b9c | d8c8 0100 | 004c 8d6c | 2408 4c89 | 6df0 ff63 | 500f 1f80 | 0000 0000 
[/MachCode]

---------------  P R O C E S S  ---------------

Threads class SMR info:
_java_thread_list=0x0000015e630d9f00, length=31, elements={
0x0000015e5cc562d0, 0x0000015e5cc590f0, 0x0000015e5cc042d0, 0x0000015e5cc050e0,
0x0000015e5cc06e10, 0x0000015e5cc3c6d0, 0x0000015e5cc2be50, 0x0000015e5cca1070,
0x0000015e5ceb9e50, 0x0000015e6150de80, 0x0000015e615319b0, 0x0000015e6153eb80,
0x0000015e61ab5360, 0x0000015e61aa0df0, 0x0000015e61ae7080, 0x0000015e62536ee0,
0x0000015e62537570, 0x0000015e62537c00, 0x0000015e62538290, 0x0000015e62538fb0,
0x0000015e625361c0, 0x0000015e62538920, 0x0000015e62539640, 0x0000015e62911360,
0x0000015e62912da0, 0x0000015e629147e0, 0x0000015e62914e70, 0x0000015e62914150,
0x0000015e62913430, 0x0000015e62913ac0, 0x0000015e629119f0
}

Java Threads: ( => current thread )
  0x0000015e5cc562d0 JavaThread "Reference Handler"          daemon [_thread_blocked, id=19932, stack(0x0000000c79b00000,0x0000000c79c00000) (1024K)]
  0x0000015e5cc590f0 JavaThread "Finalizer"                  daemon [_thread_blocked, id=22860, stack(0x0000000c79c00000,0x0000000c79d00000) (1024K)]
  0x0000015e5cc042d0 JavaThread "Signal Dispatcher"          daemon [_thread_blocked, id=4372, stack(0x0000000c79d00000,0x0000000c79e00000) (1024K)]
  0x0000015e5cc050e0 JavaThread "Attach Listener"            daemon [_thread_blocked, id=25072, stack(0x0000000c79e00000,0x0000000c79f00000) (1024K)]
  0x0000015e5cc06e10 JavaThread "Service Thread"             daemon [_thread_blocked, id=15520, stack(0x0000000c79f00000,0x0000000c7a000000) (1024K)]
  0x0000015e5cc3c6d0 JavaThread "Monitor Deflation Thread"   daemon [_thread_blocked, id=10332, stack(0x0000000c7a000000,0x0000000c7a100000) (1024K)]
  0x0000015e5cc2be50 JavaThread "C1 CompilerThread0"         daemon [_thread_blocked, id=23676, stack(0x0000000c7a100000,0x0000000c7a200000) (1024K)]
  0x0000015e5cca1070 JavaThread "Common-Cleaner"             daemon [_thread_blocked, id=2564, stack(0x0000000c7a300000,0x0000000c7a400000) (1024K)]
  0x0000015e5ceb9e50 JavaThread "Notification Thread"        daemon [_thread_blocked, id=6096, stack(0x0000000c7a600000,0x0000000c7a700000) (1024K)]
  0x0000015e6150de80 JavaThread "RMI TCP Accept-0"           daemon [_thread_in_native, id=21068, stack(0x0000000c7aa00000,0x0000000c7ab00000) (1024K)]
  0x0000015e615319b0 JavaThread "RMI TCP Accept-49478"       daemon [_thread_in_native, id=22976, stack(0x0000000c7ab00000,0x0000000c7ac00000) (1024K)]
  0x0000015e6153eb80 JavaThread "RMI TCP Accept-0"           daemon [_thread_in_native, id=10340, stack(0x0000000c7ac00000,0x0000000c7ad00000) (1024K)]
  0x0000015e61ab5360 JavaThread "RMI Scheduler(0)"           daemon [_thread_blocked, id=25592, stack(0x0000000c7b600000,0x0000000c7b700000) (1024K)]
  0x0000015e61aa0df0 JavaThread "RMI TCP Connection(idle)"   daemon [_thread_blocked, id=21412, stack(0x0000000c7b700000,0x0000000c7b800000) (1024K)]
  0x0000015e61ae7080 JavaThread "JMX server connection timeout 44" daemon [_thread_blocked, id=26184, stack(0x0000000c7b800000,0x0000000c7b900000) (1024K)]
  0x0000015e62536ee0 JavaThread "Catalina-utility-1"                [_thread_blocked, id=26088, stack(0x0000000c7c600000,0x0000000c7c700000) (1024K)]
  0x0000015e62537570 JavaThread "Catalina-utility-2"                [_thread_blocked, id=21020, stack(0x0000000c7c700000,0x0000000c7c800000) (1024K)]
  0x0000015e62537c00 JavaThread "container-0"                       [_thread_blocked, id=22828, stack(0x0000000c7c800000,0x0000000c7c900000) (1024K)]
  0x0000015e62538290 JavaThread "http-nio-8585-exec-1"       daemon [_thread_blocked, id=19972, stack(0x0000000c7c900000,0x0000000c7ca00000) (1024K)]
  0x0000015e62538fb0 JavaThread "http-nio-8585-exec-2"       daemon [_thread_blocked, id=20760, stack(0x0000000c7ca00000,0x0000000c7cb00000) (1024K)]
=>0x0000015e625361c0 JavaThread "http-nio-8585-exec-3"       daemon [_thread_in_Java, id=25788, stack(0x0000000c7cb00000,0x0000000c7cc00000) (1024K)]
  0x0000015e62538920 JavaThread "http-nio-8585-exec-4"       daemon [_thread_blocked, id=23776, stack(0x0000000c7cc00000,0x0000000c7cd00000) (1024K)]
  0x0000015e62539640 JavaThread "http-nio-8585-exec-5"       daemon [_thread_blocked, id=21392, stack(0x0000000c7cd00000,0x0000000c7ce00000) (1024K)]
  0x0000015e62911360 JavaThread "http-nio-8585-exec-6"       daemon [_thread_blocked, id=18484, stack(0x0000000c7ce00000,0x0000000c7cf00000) (1024K)]
  0x0000015e62912da0 JavaThread "http-nio-8585-exec-7"       daemon [_thread_blocked, id=23492, stack(0x0000000c7cf00000,0x0000000c7d000000) (1024K)]
  0x0000015e629147e0 JavaThread "http-nio-8585-exec-8"       daemon [_thread_blocked, id=21848, stack(0x0000000c7d000000,0x0000000c7d100000) (1024K)]
  0x0000015e62914e70 JavaThread "http-nio-8585-exec-9"       daemon [_thread_blocked, id=10944, stack(0x0000000c7d100000,0x0000000c7d200000) (1024K)]
  0x0000015e62914150 JavaThread "http-nio-8585-exec-10"      daemon [_thread_blocked, id=23704, stack(0x0000000c7d200000,0x0000000c7d300000) (1024K)]
  0x0000015e62913430 JavaThread "http-nio-8585-Poller"       daemon [_thread_in_native, id=10576, stack(0x0000000c7d300000,0x0000000c7d400000) (1024K)]
  0x0000015e62913ac0 JavaThread "http-nio-8585-Acceptor"     daemon [_thread_in_native, id=19000, stack(0x0000000c7d400000,0x0000000c7d500000) (1024K)]
  0x0000015e629119f0 JavaThread "DestroyJavaVM"                     [_thread_blocked, id=5500, stack(0x0000000c79300000,0x0000000c79400000) (1024K)]
Total: 31

Other Threads:
  0x0000015e5cb8e6e0 VMThread "VM Thread"                           [id=23580, stack(0x0000000c79a00000,0x0000000c79b00000) (1024K)]
  0x0000015e5cb70af0 WatcherThread "VM Periodic Task Thread"        [id=12780, stack(0x0000000c79900000,0x0000000c79a00000) (1024K)]
  0x0000015e4d576330 WorkerThread "GC Thread#0"                     [id=19444, stack(0x0000000c79400000,0x0000000c79500000) (1024K)]
  0x0000015e5cb8dfa0 WorkerThread "GC Thread#1"                     [id=3152, stack(0x0000000c7ae00000,0x0000000c7af00000) (1024K)]
  0x0000015e5cb8f900 WorkerThread "GC Thread#2"                     [id=6484, stack(0x0000000c7af00000,0x0000000c7b000000) (1024K)]
  0x0000015e5cb8ea80 WorkerThread "GC Thread#3"                     [id=25912, stack(0x0000000c7b000000,0x0000000c7b100000) (1024K)]
  0x0000015e5cb8f560 WorkerThread "GC Thread#4"                     [id=26496, stack(0x0000000c7b100000,0x0000000c7b200000) (1024K)]
  0x0000015e5cb8f1c0 WorkerThread "GC Thread#5"                     [id=25264, stack(0x0000000c7b200000,0x0000000c7b300000) (1024K)]
  0x0000015e5cb8ee20 WorkerThread "GC Thread#6"                     [id=22736, stack(0x0000000c7b300000,0x0000000c7b400000) (1024K)]
  0x0000015e5cb8e340 WorkerThread "GC Thread#7"                     [id=24468, stack(0x0000000c7b400000,0x0000000c7b500000) (1024K)]
  0x0000015e61ab2260 WorkerThread "GC Thread#8"                     [id=14520, stack(0x0000000c7b500000,0x0000000c7b600000) (1024K)]
  0x0000015e61ab1b20 WorkerThread "GC Thread#9"                     [id=18676, stack(0x0000000c7b900000,0x0000000c7ba00000) (1024K)]
  0x0000015e61ab0560 WorkerThread "GC Thread#10"                    [id=24332, stack(0x0000000c7ba00000,0x0000000c7bb00000) (1024K)]
  0x0000015e61ab0900 WorkerThread "GC Thread#11"                    [id=11960, stack(0x0000000c7bf00000,0x0000000c7c000000) (1024K)]
  0x0000015e61ab3480 WorkerThread "GC Thread#12"                    [id=25044, stack(0x0000000c7c400000,0x0000000c7c500000) (1024K)]
  0x0000015e61ab0ca0 WorkerThread "GC Thread#13"                    [id=25820, stack(0x0000000c7c500000,0x0000000c7c600000) (1024K)]
  0x0000015e61ab13e0 WorkerThread "GC Thread#14"                    [id=14876, stack(0x0000000c7be00000,0x0000000c7bf00000) (1024K)]
  0x0000015e598eca70 ConcurrentGCThread "G1 Main Marker"            [id=22892, stack(0x0000000c79500000,0x0000000c79600000) (1024K)]
  0x0000015e598ef690 WorkerThread "G1 Conc#0"                       [id=13384, stack(0x0000000c79600000,0x0000000c79700000) (1024K)]
  0x0000015e61ab1780 WorkerThread "G1 Conc#1"                       [id=23448, stack(0x0000000c7bb00000,0x0000000c7bc00000) (1024K)]
  0x0000015e61ab1ec0 WorkerThread "G1 Conc#2"                       [id=25116, stack(0x0000000c7bc00000,0x0000000c7bd00000) (1024K)]
  0x0000015e61ab30e0 WorkerThread "G1 Conc#3"                       [id=24944, stack(0x0000000c7bd00000,0x0000000c7be00000) (1024K)]
  0x0000015e599aab90 ConcurrentGCThread "G1 Refine#0"               [id=25692, stack(0x0000000c79700000,0x0000000c79800000) (1024K)]
  0x0000015e599ac3d0 ConcurrentGCThread "G1 Service"                [id=26044, stack(0x0000000c79800000,0x0000000c79900000) (1024K)]
Total: 24

Threads with active compile tasks:
Total: 0

VM state: not at safepoint (normal execution)

VM Mutex/Monitor currently owned by a thread: None

Heap address: 0x0000000705200000, size: 4014 MB, Compressed Oops mode: Zero based, Oop shift amount: 3

CDS archive(s) not mapped
Compressed class space mapped at: 0x0000000800000000-0x0000000840000000, reserved size: 1073741824
Narrow klass base: 0x0000000800000000, Narrow klass shift: 0, Narrow klass range: 0x40000000

GC Precious Log:
 CardTable entry size: 512
 Card Set container configuration: InlinePtr #cards 4 size 8 Array Of Cards #cards 16 size 48 Howl #buckets 8 coarsen threshold 3686 Howl Bitmap #cards 512 size 80 coarsen threshold 460 Card regions per heap region 1 cards per card region 4096
 CPUs: 20 total, 20 available
 Memory: 16053M
 Large Page Support: Disabled
 NUMA Support: Disabled
 Compressed Oops: Enabled (Zero based)
 Heap Region Size: 2M
 Heap Min Capacity: 8M
 Heap Initial Capacity: 252M
 Heap Max Capacity: 4014M
 Pre-touch: Disabled
 Parallel Workers: 15
 Concurrent Workers: 4
 Concurrent Refinement Workers: 15
 Periodic GC: Disabled

Heap:
 garbage-first heap   total 55296K, used 35538K [0x0000000705200000, 0x0000000800000000)
  region size 2048K, 12 young (24576K), 2 survivors (4096K)
 Metaspace       used 51201K, committed 51776K, reserved 1114112K
  class space    used 6017K, committed 6272K, reserved 1048576K

Heap Regions: E=young(eden), S=young(survivor), O=old, HS=humongous(starts), HC=humongous(continues), CS=collection set, F=free, TAMS=top-at-mark-start, PB=parsable bottom
|   0|0x0000000705200000, 0x0000000705400000, 0x0000000705400000|100%| O|  |TAMS 0x0000000705200000| PB 0x0000000705200000| Untracked 
|   1|0x0000000705400000, 0x0000000705600000, 0x0000000705600000|100%| O|  |TAMS 0x0000000705400000| PB 0x0000000705400000| Untracked 
|   2|0x0000000705600000, 0x0000000705800000, 0x0000000705800000|100%| O|  |TAMS 0x0000000705600000| PB 0x0000000705600000| Untracked 
|   3|0x0000000705800000, 0x0000000705a00000, 0x0000000705a00000|100%| O|  |TAMS 0x0000000705800000| PB 0x0000000705800000| Untracked 
|   4|0x0000000705a00000, 0x0000000705c00000, 0x0000000705c00000|100%| O|  |TAMS 0x0000000705a00000| PB 0x0000000705a00000| Untracked 
|   5|0x0000000705c00000, 0x0000000705e00000, 0x0000000705e00000|100%| O|  |TAMS 0x0000000705c00000| PB 0x0000000705c00000| Untracked 
|   6|0x0000000705e00000, 0x0000000706000000, 0x0000000706000000|100%| O|  |TAMS 0x0000000705e00000| PB 0x0000000705e00000| Untracked 
|   7|0x0000000706000000, 0x0000000706000000, 0x0000000706200000|  0%| F|  |TAMS 0x0000000706000000| PB 0x0000000706000000| Untracked 
|   8|0x0000000706200000, 0x00000007062b48a0, 0x0000000706400000| 35%| O|  |TAMS 0x0000000706200000| PB 0x0000000706200000| Untracked 
|   9|0x0000000706400000, 0x0000000706400000, 0x0000000706600000|  0%| F|  |TAMS 0x0000000706400000| PB 0x0000000706400000| Untracked 
|  10|0x0000000706600000, 0x0000000706600000, 0x0000000706800000|  0%| F|  |TAMS 0x0000000706600000| PB 0x0000000706600000| Untracked 
|  11|0x0000000706800000, 0x0000000706800000, 0x0000000706a00000|  0%| F|  |TAMS 0x0000000706800000| PB 0x0000000706800000| Untracked 
|  12|0x0000000706a00000, 0x0000000706c00000, 0x0000000706c00000|100%| S|CS|TAMS 0x0000000706a00000| PB 0x0000000706a00000| Complete 
|  13|0x0000000706c00000, 0x0000000706e00000, 0x0000000706e00000|100%| S|CS|TAMS 0x0000000706c00000| PB 0x0000000706c00000| Complete 
|  14|0x0000000706e00000, 0x0000000706e00000, 0x0000000707000000|  0%| F|  |TAMS 0x0000000706e00000| PB 0x0000000706e00000| Untracked 
|  15|0x0000000707000000, 0x0000000707000000, 0x0000000707200000|  0%| F|  |TAMS 0x0000000707000000| PB 0x0000000707000000| Untracked 
|  16|0x0000000707200000, 0x0000000707200000, 0x0000000707400000|  0%| F|  |TAMS 0x0000000707200000| PB 0x0000000707200000| Untracked 
|  17|0x0000000707400000, 0x00000007074f2ff8, 0x0000000707600000| 47%| E|  |TAMS 0x0000000707400000| PB 0x0000000707400000| Complete 
|  18|0x0000000707600000, 0x0000000707800000, 0x0000000707800000|100%| E|CS|TAMS 0x0000000707600000| PB 0x0000000707600000| Complete 
|  19|0x0000000707800000, 0x0000000707a00000, 0x0000000707a00000|100%| E|  |TAMS 0x0000000707800000| PB 0x0000000707800000| Complete 
|  20|0x0000000707a00000, 0x0000000707c00000, 0x0000000707c00000|100%| E|CS|TAMS 0x0000000707a00000| PB 0x0000000707a00000| Complete 
|  21|0x0000000707c00000, 0x0000000707e00000, 0x0000000707e00000|100%| E|CS|TAMS 0x0000000707c00000| PB 0x0000000707c00000| Complete 
|  22|0x0000000707e00000, 0x0000000708000000, 0x0000000708000000|100%| E|CS|TAMS 0x0000000707e00000| PB 0x0000000707e00000| Complete 
|  23|0x0000000708000000, 0x0000000708200000, 0x0000000708200000|100%| E|CS|TAMS 0x0000000708000000| PB 0x0000000708000000| Complete 
|  24|0x0000000708200000, 0x0000000708400000, 0x0000000708400000|100%| E|CS|TAMS 0x0000000708200000| PB 0x0000000708200000| Complete 
|  65|0x000000070d400000, 0x000000070d600000, 0x000000070d600000|100%| E|CS|TAMS 0x000000070d400000| PB 0x000000070d400000| Complete 
| 125|0x0000000714c00000, 0x0000000714e00000, 0x0000000714e00000|100%| E|CS|TAMS 0x0000000714c00000| PB 0x0000000714c00000| Complete 

Card table byte_map: [0x0000015e55140000,0x0000015e55920000] _byte_map_base: 0x0000015e51917000

Marking Bits: (CMBitMap*) 0x0000015e4d5768e0
 Bits: [0x0000015e55920000, 0x0000015e597d8000)

Polling page: 0x0000015e4ae00000

Metaspace:

Usage:
  Non-class:     44.12 MB used.
      Class:      5.88 MB used.
       Both:     50.00 MB used.

Virtual space:
  Non-class space:       64.00 MB reserved,      44.44 MB ( 69%) committed,  1 nodes.
      Class space:        1.00 GB reserved,       6.12 MB ( <1%) committed,  1 nodes.
             Both:        1.06 GB reserved,      50.56 MB (  5%) committed. 

Chunk freelists:
   Non-Class:  2.88 MB
       Class:  9.88 MB
        Both:  12.76 MB

MaxMetaspaceSize: unlimited
CompressedClassSpaceSize: 1.00 GB
Initial GC threshold: 21.00 MB
Current GC threshold: 54.31 MB
CDS: off
 - commit_granule_bytes: 65536.
 - commit_granule_words: 8192.
 - virtual_space_node_default_size: 8388608.
 - enlarge_chunks_in_place: 1.
 - use_allocation_guard: 0.


Internal statistics:

num_allocs_failed_limit: 3.
num_arena_births: 842.
num_arena_deaths: 0.
num_vsnodes_births: 2.
num_vsnodes_deaths: 0.
num_space_committed: 809.
num_space_uncommitted: 0.
num_chunks_returned_to_freelist: 3.
num_chunks_taken_from_freelist: 2231.
num_chunk_merges: 3.
num_chunk_splits: 1541.
num_chunks_enlarged: 1110.
num_inconsistent_stats: 0.

CodeCache: size=49152Kb used=9311Kb max_used=13505Kb free=39840Kb
 bounds [0x0000015e50fc0000, 0x0000015e51d00000, 0x0000015e53fc0000]
 total_blobs=5327 nmethods=4718 adapters=533
 compilation: enabled
              stopped_count=0, restarted_count=0
 full_count=0

Compilation events (20 events):
Event: 522.029 Thread 0x0000015e5cc2be50 4730   !   1       org.apache.catalina.core.ContainerBase$ContainerBackgroundProcessor::processChildren (202 bytes)
Event: 522.031 Thread 0x0000015e5cc2be50 nmethod 4730 0x0000015e513dce90 code [0x0000015e513dd1c0, 0x0000015e513de2b0]
Event: 522.031 Thread 0x0000015e5cc2be50 4732       1       org.apache.catalina.mapper.MapperListener::lifecycleEvent (180 bytes)
Event: 522.032 Thread 0x0000015e5cc2be50 nmethod 4732 0x0000015e513dbf10 code [0x0000015e513dc1a0, 0x0000015e513dca78]
Event: 542.047 Thread 0x0000015e5cc2be50 4733       1       java.util.concurrent.ConcurrentHashMap::size (31 bytes)
Event: 542.047 Thread 0x0000015e5cc2be50 nmethod 4733 0x0000015e513dbb90 code [0x0000015e513dbd40, 0x0000015e513dbeb0]
Event: 600.507 Thread 0x0000015e5cc2be50 4734       1       java.net.InetAddress::holder (5 bytes)
Event: 600.507 Thread 0x0000015e5cc2be50 nmethod 4734 0x0000015e513db890 code [0x0000015e513dba20, 0x0000015e513dbaf0]
Event: 600.508 Thread 0x0000015e5cc2be50 4735       1       java.io.ObjectInputStream$PeekInputStream::readFully (48 bytes)
Event: 600.508 Thread 0x0000015e5cc2be50 nmethod 4735 0x0000015e513db410 code [0x0000015e513db5c0, 0x0000015e513db7b0]
Event: 719.933 Thread 0x0000015e5cc2be50 4736       1       org.apache.tomcat.util.buf.ByteChunk::equalsIgnoreCase (76 bytes)
Event: 719.934 Thread 0x0000015e5cc2be50 nmethod 4736 0x0000015e513dac90 code [0x0000015e513dae40, 0x0000015e513db160]
Event: 719.934 Thread 0x0000015e5cc2be50 4737   !   1       java.io.StringReader::read (52 bytes)
Event: 719.934 Thread 0x0000015e5cc2be50 nmethod 4737 0x0000015e513da310 code [0x0000015e513da4e0, 0x0000015e513da908]
Event: 719.935 Thread 0x0000015e5cc2be50 4738       1       org.springframework.util.MimeType::getSubtype (5 bytes)
Event: 719.935 Thread 0x0000015e5cc2be50 nmethod 4738 0x0000015e513da010 code [0x0000015e513da1a0, 0x0000015e513da270]
Event: 719.935 Thread 0x0000015e5cc2be50 4739       1       org.springframework.http.MediaType::getQualityValue (24 bytes)
Event: 719.936 Thread 0x0000015e5cc2be50 nmethod 4739 0x0000015e513d9990 code [0x0000015e513d9ba0, 0x0000015e513d9e20]
Event: 719.936 Thread 0x0000015e5cc2be50 4740       1       org.springframework.util.MimeType::getParameter (14 bytes)
Event: 719.936 Thread 0x0000015e5cc2be50 nmethod 4740 0x0000015e513d9610 code [0x0000015e513d97c0, 0x0000015e513d9900]

GC Heap History (20 events):
Event: 0.640 GC heap before
{Heap before GC invocations=1 (full 0):
 garbage-first heap   total 258048K, used 19375K [0x0000000705200000, 0x0000000800000000)
  region size 2048K, 10 young (20480K), 2 survivors (4096K)
 Metaspace       used 19581K, committed 19904K, reserved 1114112K
  class space    used 2081K, committed 2240K, reserved 1048576K
}
Event: 0.643 GC heap after
{Heap after GC invocations=2 (full 0):
 garbage-first heap   total 258048K, used 6475K [0x0000000705200000, 0x0000000800000000)
  region size 2048K, 1 young (2048K), 1 survivors (2048K)
 Metaspace       used 19581K, committed 19904K, reserved 1114112K
  class space    used 2081K, committed 2240K, reserved 1048576K
}
Event: 0.820 GC heap before
{Heap before GC invocations=3 (full 0):
 garbage-first heap   total 28672K, used 26955K [0x0000000705200000, 0x0000000800000000)
  region size 2048K, 11 young (22528K), 1 survivors (2048K)
 Metaspace       used 23118K, committed 23488K, reserved 1114112K
  class space    used 2618K, committed 2752K, reserved 1048576K
}
Event: 0.821 GC heap after
{Heap after GC invocations=4 (full 0):
 garbage-first heap   total 32768K, used 7458K [0x0000000705200000, 0x0000000800000000)
  region size 2048K, 2 young (4096K), 2 survivors (4096K)
 Metaspace       used 23118K, committed 23488K, reserved 1114112K
  class space    used 2618K, committed 2752K, reserved 1048576K
}
Event: 0.888 GC heap before
{Heap before GC invocations=4 (full 0):
 garbage-first heap   total 32768K, used 21794K [0x0000000705200000, 0x0000000800000000)
  region size 2048K, 9 young (18432K), 2 survivors (4096K)
 Metaspace       used 25479K, committed 25856K, reserved 1114112K
  class space    used 2880K, committed 3072K, reserved 1048576K
}
Event: 0.890 GC heap after
{Heap after GC invocations=5 (full 0):
 garbage-first heap   total 32768K, used 8386K [0x0000000705200000, 0x0000000800000000)
  region size 2048K, 2 young (4096K), 2 survivors (4096K)
 Metaspace       used 25479K, committed 25856K, reserved 1114112K
  class space    used 2880K, committed 3072K, reserved 1048576K
}
Event: 0.959 GC heap before
{Heap before GC invocations=5 (full 0):
 garbage-first heap   total 32768K, used 20674K [0x0000000705200000, 0x0000000800000000)
  region size 2048K, 9 young (18432K), 2 survivors (4096K)
 Metaspace       used 28251K, committed 28608K, reserved 1114112K
  class space    used 3294K, committed 3456K, reserved 1048576K
}
Event: 0.961 GC heap after
{Heap after GC invocations=6 (full 0):
 garbage-first heap   total 32768K, used 8966K [0x0000000705200000, 0x0000000800000000)
  region size 2048K, 2 young (4096K), 2 survivors (4096K)
 Metaspace       used 28251K, committed 28608K, reserved 1114112K
  class space    used 3294K, committed 3456K, reserved 1048576K
}
Event: 1.072 GC heap before
{Heap before GC invocations=6 (full 0):
 garbage-first heap   total 32768K, used 21254K [0x0000000705200000, 0x0000000800000000)
  region size 2048K, 9 young (18432K), 2 survivors (4096K)
 Metaspace       used 30051K, committed 30464K, reserved 1114112K
  class space    used 3541K, committed 3712K, reserved 1048576K
}
Event: 1.075 GC heap after
{Heap after GC invocations=7 (full 0):
 garbage-first heap   total 32768K, used 11078K [0x0000000705200000, 0x0000000800000000)
  region size 2048K, 2 young (4096K), 2 survivors (4096K)
 Metaspace       used 30051K, committed 30464K, reserved 1114112K
  class space    used 3541K, committed 3712K, reserved 1048576K
}
Event: 1.229 GC heap before
{Heap before GC invocations=7 (full 0):
 garbage-first heap   total 32768K, used 25414K [0x0000000705200000, 0x0000000800000000)
  region size 2048K, 9 young (18432K), 2 survivors (4096K)
 Metaspace       used 31477K, committed 31872K, reserved 1114112K
  class space    used 3743K, committed 3904K, reserved 1048576K
}
Event: 1.233 GC heap after
{Heap after GC invocations=8 (full 0):
 garbage-first heap   total 145408K, used 11681K [0x0000000705200000, 0x0000000800000000)
  region size 2048K, 1 young (2048K), 1 survivors (2048K)
 Metaspace       used 31477K, committed 31872K, reserved 1114112K
  class space    used 3743K, committed 3904K, reserved 1048576K
}
Event: 1.319 GC heap before
{Heap before GC invocations=8 (full 0):
 garbage-first heap   total 145408K, used 19873K [0x0000000705200000, 0x0000000800000000)
  region size 2048K, 6 young (12288K), 1 survivors (2048K)
 Metaspace       used 32833K, committed 33216K, reserved 1114112K
  class space    used 3928K, committed 4096K, reserved 1048576K
}
Event: 1.321 GC heap after
{Heap after GC invocations=9 (full 0):
 garbage-first heap   total 145408K, used 12099K [0x0000000705200000, 0x0000000800000000)
  region size 2048K, 1 young (2048K), 1 survivors (2048K)
 Metaspace       used 32833K, committed 33216K, reserved 1114112K
  class space    used 3928K, committed 4096K, reserved 1048576K
}
Event: 1.679 GC heap before
{Heap before GC invocations=10 (full 0):
 garbage-first heap   total 49152K, used 46915K [0x0000000705200000, 0x0000000800000000)
  region size 2048K, 18 young (36864K), 1 survivors (2048K)
 Metaspace       used 38437K, committed 39040K, reserved 1114112K
  class space    used 4674K, committed 4928K, reserved 1048576K
}
Event: 1.681 GC heap after
{Heap after GC invocations=11 (full 0):
 garbage-first heap   total 55296K, used 15357K [0x0000000705200000, 0x0000000800000000)
  region size 2048K, 3 young (6144K), 3 survivors (6144K)
 Metaspace       used 38437K, committed 39040K, reserved 1114112K
  class space    used 4674K, committed 4928K, reserved 1048576K
}
Event: 8.617 GC heap before
{Heap before GC invocations=11 (full 0):
 garbage-first heap   total 55296K, used 41981K [0x0000000705200000, 0x0000000800000000)
  region size 2048K, 16 young (32768K), 3 survivors (6144K)
 Metaspace       used 42613K, committed 43200K, reserved 1114112K
  class space    used 5231K, committed 5504K, reserved 1048576K
}
Event: 8.621 GC heap after
{Heap after GC invocations=12 (full 0):
 garbage-first heap   total 55296K, used 17208K [0x0000000705200000, 0x0000000800000000)
  region size 2048K, 2 young (4096K), 2 survivors (4096K)
 Metaspace       used 42613K, committed 43200K, reserved 1114112K
  class space    used 5231K, committed 5504K, reserved 1048576K
}
Event: 8.853 GC heap before
{Heap before GC invocations=12 (full 0):
 garbage-first heap   total 55296K, used 41784K [0x0000000705200000, 0x0000000800000000)
  region size 2048K, 15 young (30720K), 2 survivors (4096K)
 Metaspace       used 48388K, committed 49024K, reserved 1114112K
  class space    used 5727K, committed 6016K, reserved 1048576K
}
Event: 8.855 GC heap after
{Heap after GC invocations=13 (full 0):
 garbage-first heap   total 55296K, used 19154K [0x0000000705200000, 0x0000000800000000)
  region size 2048K, 2 young (4096K), 2 survivors (4096K)
 Metaspace       used 48388K, committed 49024K, reserved 1114112K
  class space    used 5727K, committed 6016K, reserved 1048576K
}

Dll operation events (10 events):
Event: 0.009 Loaded shared library C:\Users\admin\Downloads\spring-tool-suite-4-4.26.0.RELEASE-e4.33.0-win32.win32.x86_64\sts-4.26.0.RELEASE\plugins\org.eclipse.justj.openjdk.hotspot.jre.full.win32.x86_64_21.0.4.v20240802-1551\jre\bin\java.dll
Event: 0.015 Loaded shared library C:\Users\admin\Downloads\spring-tool-suite-4-4.26.0.RELEASE-e4.33.0-win32.win32.x86_64\sts-4.26.0.RELEASE\plugins\org.eclipse.justj.openjdk.hotspot.jre.full.win32.x86_64_21.0.4.v20240802-1551\jre\bin\zip.dll
Event: 0.124 Loaded shared library C:\Users\admin\Downloads\spring-tool-suite-4-4.26.0.RELEASE-e4.33.0-win32.win32.x86_64\sts-4.26.0.RELEASE\plugins\org.eclipse.justj.openjdk.hotspot.jre.full.win32.x86_64_21.0.4.v20240802-1551\jre\bin\jimage.dll
Event: 0.132 Loaded shared library C:\Users\admin\Downloads\spring-tool-suite-4-4.26.0.RELEASE-e4.33.0-win32.win32.x86_64\sts-4.26.0.RELEASE\plugins\org.eclipse.justj.openjdk.hotspot.jre.full.win32.x86_64_21.0.4.v20240802-1551\jre\bin\net.dll
Event: 0.134 Loaded shared library C:\Users\admin\Downloads\spring-tool-suite-4-4.26.0.RELEASE-e4.33.0-win32.win32.x86_64\sts-4.26.0.RELEASE\plugins\org.eclipse.justj.openjdk.hotspot.jre.full.win32.x86_64_21.0.4.v20240802-1551\jre\bin\nio.dll
Event: 0.138 Loaded shared library C:\Users\admin\Downloads\spring-tool-suite-4-4.26.0.RELEASE-e4.33.0-win32.win32.x86_64\sts-4.26.0.RELEASE\plugins\org.eclipse.justj.openjdk.hotspot.jre.full.win32.x86_64_21.0.4.v20240802-1551\jre\bin\zip.dll
Event: 0.160 Loaded shared library C:\Users\admin\Downloads\spring-tool-suite-4-4.26.0.RELEASE-e4.33.0-win32.win32.x86_64\sts-4.26.0.RELEASE\plugins\org.eclipse.justj.openjdk.hotspot.jre.full.win32.x86_64_21.0.4.v20240802-1551\jre\bin\management.dll
Event: 0.169 Loaded shared library C:\Users\admin\Downloads\spring-tool-suite-4-4.26.0.RELEASE-e4.33.0-win32.win32.x86_64\sts-4.26.0.RELEASE\plugins\org.eclipse.justj.openjdk.hotspot.jre.full.win32.x86_64_21.0.4.v20240802-1551\jre\bin\management_ext.dll
Event: 0.341 Loaded shared library C:\Users\admin\Downloads\spring-tool-suite-4-4.26.0.RELEASE-e4.33.0-win32.win32.x86_64\sts-4.26.0.RELEASE\plugins\org.eclipse.justj.openjdk.hotspot.jre.full.win32.x86_64_21.0.4.v20240802-1551\jre\bin\extnet.dll
Event: 1.009 Loaded shared library C:\Users\admin\Downloads\spring-tool-suite-4-4.26.0.RELEASE-e4.33.0-win32.win32.x86_64\sts-4.26.0.RELEASE\plugins\org.eclipse.justj.openjdk.hotspot.jre.full.win32.x86_64_21.0.4.v20240802-1551\jre\bin\sunmscapi.dll

Deoptimization events (0 events):
No events

Classes loaded (20 events):
Event: 8.967 Loading class java/util/stream/Node$Builder$OfInt done
Event: 8.967 Loading class java/util/stream/Nodes$IntArrayNode
Event: 8.967 Loading class java/util/stream/Nodes$IntArrayNode done
Event: 8.967 Loading class java/util/stream/Nodes$IntFixedNodeBuilder done
Event: 9.041 Loading class java/util/Hashtable$ValueCollection
Event: 9.041 Loading class java/util/Hashtable$ValueCollection done
Event: 9.044 Loading class java/net/URLClassLoader$1
Event: 9.044 Loading class java/net/URLClassLoader$1 done
Event: 9.053 Loading class java/io/WriteAbortedException
Event: 9.053 Loading class java/io/WriteAbortedException done
Event: 9.053 Loading class sun/security/provider/SecureRandom
Event: 9.054 Loading class sun/security/provider/SecureRandom done
Event: 9.054 Loading class sun/security/provider/SecureRandom$SeederHolder
Event: 9.054 Loading class sun/security/provider/SecureRandom$SeederHolder done
Event: 9.059 Loading class sun/nio/cs/ISO_8859_1$Encoder
Event: 9.059 Loading class sun/nio/cs/ISO_8859_1$Encoder done
Event: 9.060 Loading class sun/nio/cs/Surrogate$Parser
Event: 9.060 Loading class sun/nio/cs/Surrogate$Parser done
Event: 9.060 Loading class sun/nio/cs/Surrogate
Event: 9.060 Loading class sun/nio/cs/Surrogate done

Classes unloaded (0 events):
No events

Classes redefined (0 events):
No events

Internal exceptions (20 events):
Event: 1.405 Thread 0x0000015e4abc52c0 Exception <a 'java/lang/NoSuchMethodError'{0x00000007079a6e90}: 'java.lang.Object java.lang.invoke.DirectMethodHandle$Holder.invokeSpecial(java.lang.Object, java.lang.Object, java.lang.Object, java.lang.Object, int)'> (0x00000007079a6e90) 
thrown [s\src\hotspot\share\interpreter\linkResolver.cpp, line 773]
Event: 1.405 Thread 0x0000015e4abc52c0 Exception <a 'java/lang/NoSuchMethodError'{0x00000007079aa328}: 'java.lang.Object java.lang.invoke.Invokers$Holder.linkToTargetMethod(java.lang.Object, java.lang.Object, int, java.lang.Object)'> (0x00000007079aa328) 
thrown [s\src\hotspot\share\interpreter\linkResolver.cpp, line 773]
Event: 1.497 Thread 0x0000015e4abc52c0 Exception <a 'java/lang/NoSuchMethodError'{0x0000000706edcf28}: 'int java.lang.invoke.DirectMethodHandle$Holder.invokeVirtual(java.lang.Object, java.lang.Object, java.lang.Object, java.lang.Object)'> (0x0000000706edcf28) 
thrown [s\src\hotspot\share\interpreter\linkResolver.cpp, line 773]
Event: 1.497 Thread 0x0000015e4abc52c0 Exception <a 'java/lang/NoSuchMethodError'{0x0000000706ee0a10}: 'int java.lang.invoke.DelegatingMethodHandle$Holder.reinvoke_L(java.lang.Object, java.lang.Object, java.lang.Object, java.lang.Object)'> (0x0000000706ee0a10) 
thrown [s\src\hotspot\share\interpreter\linkResolver.cpp, line 773]
Event: 1.512 Thread 0x0000015e4abc52c0 Exception <a 'java/io/FileNotFoundException'{0x0000000706ff7110}> (0x0000000706ff7110) 
thrown [s\src\hotspot\share\prims\jni.cpp, line 520]
Event: 1.604 Thread 0x0000015e4abc52c0 Exception <a 'java/lang/NoSuchMethodError'{0x000000070648d398}: 'void java.lang.invoke.DirectMethodHandle$Holder.invokeVirtual(java.lang.Object, java.lang.Object, java.lang.Object, java.lang.Object, java.lang.Object)'> (0x000000070648d398) 
thrown [s\src\hotspot\share\interpreter\linkResolver.cpp, line 773]
Event: 1.612 Thread 0x0000015e4abc52c0 Exception <a 'java/lang/NoSuchMethodError'{0x00000007065e9108}: 'int java.lang.invoke.DirectMethodHandle$Holder.invokeInterface(java.lang.Object, java.lang.Object, java.lang.Object, java.lang.Object)'> (0x00000007065e9108) 
thrown [s\src\hotspot\share\interpreter\linkResolver.cpp, line 773]
Event: 1.634 Thread 0x0000015e4abc52c0 Exception <a 'java/lang/NoSuchMethodError'{0x00000007063f9448}: 'long java.lang.invoke.DirectMethodHandle$Holder.invokeVirtual(java.lang.Object, java.lang.Object)'> (0x00000007063f9448) 
thrown [s\src\hotspot\share\interpreter\linkResolver.cpp, line 773]
Event: 1.646 Thread 0x0000015e4abc52c0 Exception <a 'java/lang/NoSuchMethodError'{0x0000000705ee0b18}: 'void java.lang.invoke.Invokers$Holder.invokeExact_MT(java.lang.Object, java.lang.Object, java.lang.Object, java.lang.Object)'> (0x0000000705ee0b18) 
thrown [s\src\hotspot\share\interpreter\linkResolver.cpp, line 773]
Event: 1.673 Thread 0x0000015e4abc52c0 Exception <a 'java/lang/NoSuchMethodError'{0x0000000705d88400}: 'java.lang.Object java.lang.invoke.DirectMethodHandle$Holder.newInvokeSpecial(java.lang.Object, java.lang.Object, java.lang.Object, java.lang.Object, java.lang.Object, java.lang.Object, java.lang.Object, java.lang.Object)'> (0x0000000705d88400) 
thrown [s\src\hotspot\share\interpreter\linkResolver.cpp, line 773]
Event: 1.759 Thread 0x0000015e4abc52c0 Exception <a 'java/lang/IncompatibleClassChangeError'{0x0000000707b99318}: Found class java.lang.Object, but interface was expected> (0x0000000707b99318) 
thrown [s\src\hotspot\share\interpreter\linkResolver.cpp, line 840]
Event: 1.776 Thread 0x0000015e4abc52c0 Exception <a 'java/lang/NoSuchMethodError'{0x0000000707975e40}: 'void java.lang.invoke.DirectMethodHandle$Holder.invokeVirtual(java.lang.Object, java.lang.Object, long)'> (0x0000000707975e40) 
thrown [s\src\hotspot\share\interpreter\linkResolver.cpp, line 773]
Event: 1.799 Thread 0x0000015e4abc52c0 Exception <a 'java/lang/NoSuchMethodError'{0x0000000707477308}: 'int java.lang.invoke.DirectMethodHandle$Holder.invokeStaticInit(java.lang.Object, java.lang.Object, java.lang.Object, java.lang.Object)'> (0x0000000707477308) 
thrown [s\src\hotspot\share\interpreter\linkResolver.cpp, line 773]
Event: 1.846 Thread 0x0000015e4abc52c0 Exception <a 'java/lang/NoSuchMethodError'{0x00000007070dcfb8}: 'java.lang.Object java.lang.invoke.DirectMethodHandle$Holder.newInvokeSpecial(java.lang.Object, java.lang.Object, int, java.lang.Object, java.lang.Object)'> (0x00000007070dcfb8) 
thrown [s\src\hotspot\share\interpreter\linkResolver.cpp, line 773]
Event: 8.580 Thread 0x0000015e62538290 Exception <a 'java/lang/NoSuchMethodError'{0x0000000706a38538}: 'java.lang.Object java.lang.invoke.DirectMethodHandle$Holder.invokeSpecial(java.lang.Object, java.lang.Object, java.lang.Object, java.lang.Object, java.lang.Object, long)'> (0x0000000706a38538) 
thrown [s\src\hotspot\share\interpreter\linkResolver.cpp, line 773]
Event: 8.580 Thread 0x0000015e62538290 Exception <a 'java/lang/NoSuchMethodError'{0x0000000706a3bd08}: 'java.lang.Object java.lang.invoke.Invokers$Holder.linkToTargetMethod(java.lang.Object, java.lang.Object, java.lang.Object, long, java.lang.Object)'> (0x0000000706a3bd08) 
thrown [s\src\hotspot\share\interpreter\linkResolver.cpp, line 773]
Event: 8.593 Thread 0x0000015e62538290 Exception <a 'java/lang/NoSuchMethodError'{0x0000000706bdac78}: getSession> (0x0000000706bdac78) 
thrown [s\src\hotspot\share\prims\jni.cpp, line 1077]
Event: 8.607 Thread 0x0000015e62538290 Exception <a 'java/lang/NoSuchMethodError'{0x00000007068f6448}: 'java.lang.Object java.lang.invoke.DirectMethodHandle$Holder.invokeStatic(java.lang.Object, int, int)'> (0x00000007068f6448) 
thrown [s\src\hotspot\share\interpreter\linkResolver.cpp, line 773]
Event: 8.643 Thread 0x0000015e62538290 Exception <a 'java/lang/NoSuchMethodError'{0x000000070d53c718}: 'int java.lang.invoke.DirectMethodHandle$Holder.invokeStatic(java.lang.Object, int, java.lang.Object)'> (0x000000070d53c718) 
thrown [s\src\hotspot\share\interpreter\linkResolver.cpp, line 773]
Event: 9.061 Thread 0x0000015e62538290 Exception <a 'java/lang/NullPointerException'{0x00000007077d46c8}> (0x00000007077d46c8) 
thrown [s\src\hotspot\share\interpreter\linkResolver.cpp, line 1456]

ZGC Phase Switch (0 events):
No events

VM Operations (20 events):
Event: 201.080 Executing VM operation: Cleanup
Event: 201.081 Executing VM operation: Cleanup done
Event: 202.094 Executing VM operation: Cleanup
Event: 202.094 Executing VM operation: Cleanup done
Event: 203.110 Executing VM operation: Cleanup
Event: 203.110 Executing VM operation: Cleanup done
Event: 204.118 Executing VM operation: Cleanup
Event: 204.118 Executing VM operation: Cleanup done
Event: 207.158 Executing VM operation: Cleanup
Event: 207.158 Executing VM operation: Cleanup done
Event: 212.208 Executing VM operation: Cleanup
Event: 212.208 Executing VM operation: Cleanup done
Event: 255.675 Executing VM operation: Cleanup
Event: 255.675 Executing VM operation: Cleanup done
Event: 532.379 Executing VM operation: Cleanup
Event: 532.379 Executing VM operation: Cleanup done
Event: 719.936 Executing VM operation: get/set locals
Event: 719.936 Executing VM operation: get/set locals done
Event: 719.936 Executing VM operation: get/set locals
Event: 719.936 Executing VM operation: get/set locals done

Memory protections (0 events):
No events

Nmethod flushes (20 events):
Event: 1.326 Thread 0x0000015e5cb8e6e0 flushing  nmethod 0x0000015e51692d10
Event: 1.326 Thread 0x0000015e5cb8e6e0 flushing  nmethod 0x0000015e512f8c10
Event: 1.326 Thread 0x0000015e5cb8e6e0 flushing  nmethod 0x0000015e5137e010
Event: 1.326 Thread 0x0000015e5cb8e6e0 flushing  nmethod 0x0000015e51542f90
Event: 1.326 Thread 0x0000015e5cb8e6e0 flushing  nmethod 0x0000015e51581a90
Event: 1.326 Thread 0x0000015e5cb8e6e0 flushing  nmethod 0x0000015e515cd990
Event: 1.326 Thread 0x0000015e5cb8e6e0 flushing  nmethod 0x0000015e515cdd90
Event: 1.326 Thread 0x0000015e5cb8e6e0 flushing  nmethod 0x0000015e51601f90
Event: 1.326 Thread 0x0000015e5cb8e6e0 flushing  nmethod 0x0000015e51602590
Event: 1.326 Thread 0x0000015e5cb8e6e0 flushing  nmethod 0x0000015e51195d10
Event: 1.326 Thread 0x0000015e5cb8e6e0 flushing  nmethod 0x0000015e512d5b90
Event: 1.326 Thread 0x0000015e5cb8e6e0 flushing  nmethod 0x0000015e51378710
Event: 1.326 Thread 0x0000015e5cb8e6e0 flushing  nmethod 0x0000015e51378f90
Event: 1.326 Thread 0x0000015e5cb8e6e0 flushing  nmethod 0x0000015e5154a290
Event: 1.326 Thread 0x0000015e5cb8e6e0 flushing  nmethod 0x0000015e5155cd90
Event: 1.326 Thread 0x0000015e5cb8e6e0 flushing  nmethod 0x0000015e515ce410
Event: 1.326 Thread 0x0000015e5cb8e6e0 flushing  nmethod 0x0000015e515ce910
Event: 1.326 Thread 0x0000015e5cb8e6e0 flushing  nmethod 0x0000015e515cf810
Event: 1.326 Thread 0x0000015e5cb8e6e0 flushing  nmethod 0x0000015e515d0890
Event: 1.326 Thread 0x0000015e5cb8e6e0 flushing  nmethod 0x0000015e515d5e90

Events (20 events):
Event: 1.851 Thread 0x0000015e4abc52c0 Thread added: 0x0000015e629147e0
Event: 1.852 Thread 0x0000015e4abc52c0 Thread added: 0x0000015e62914e70
Event: 1.852 Thread 0x0000015e4abc52c0 Thread added: 0x0000015e62914150
Event: 1.859 Thread 0x0000015e4abc52c0 Thread added: 0x0000015e62913430
Event: 1.860 Thread 0x0000015e4abc52c0 Thread added: 0x0000015e62913ac0
Event: 1.872 Thread 0x0000015e4abc52c0 Thread exited: 0x0000015e4abc52c0
Event: 1.872 Thread 0x0000015e629119f0 Thread added: 0x0000015e629119f0
Event: 7.127 Thread 0x0000015e61f60640 Thread exited: 0x0000015e61f60640
Event: 7.127 Thread 0x0000015e61f5f480 Thread exited: 0x0000015e61f5f480
Event: 7.127 Thread 0x0000015e61f5e1a0 Thread exited: 0x0000015e61f5e1a0
Event: 8.578 Thread 0x0000015e61efc600 Thread exited: 0x0000015e61efc600
Event: 8.579 Thread 0x0000015e6141d7a0 Thread exited: 0x0000015e6141d7a0
Event: 8.580 Thread 0x0000015e6141bc90 Thread exited: 0x0000015e6141bc90
Event: 8.580 Thread 0x0000015e6141b5e0 Thread exited: 0x0000015e6141b5e0
Event: 14.070 Thread 0x0000015e5ce1c4c0 Thread exited: 0x0000015e5ce1c4c0
Event: 14.070 Thread 0x0000015e5cd93520 Thread exited: 0x0000015e5cd93520
Event: 14.070 Thread 0x0000015e5cc69790 Thread exited: 0x0000015e5cc69790
Event: 75.505 Thread 0x0000015e61a50810 Thread exited: 0x0000015e61a50810
Event: 257.702 Thread 0x0000015e5cc2be50 Thread added: 0x0000015e5cd93520
Event: 263.712 Thread 0x0000015e5cd93520 Thread exited: 0x0000015e5cd93520


Dynamic libraries:
0x00007ff60e710000 - 0x00007ff60e71e000 	C:\Users\admin\Downloads\spring-tool-suite-4-4.26.0.RELEASE-e4.33.0-win32.win32.x86_64\sts-4.26.0.RELEASE\plugins\org.eclipse.justj.openjdk.hotspot.jre.full.win32.x86_64_21.0.4.v20240802-1551\jre\bin\javaw.exe
0x0000015e4b180000 - 0x0000015e4b3e3000 	C:\WINDOWS\SYSTEM32\ntd1l.dll
0x0000015e4b3f0000 - 0x0000015e4b4b7000 	C:\WINDOWS\System32\kern3l32.dll
0x00007fff638c0000 - 0x00007fff63b23000 	C:\WINDOWS\SYSTEM32\ntdll.dll
0x00007fff62bf0000 - 0x00007fff62cb7000 	C:\WINDOWS\System32\KERNEL32.DLL
0x00007fff61270000 - 0x00007fff61637000 	C:\WINDOWS\System32\KERNELBASE.dll
0x00007fff3c800000 - 0x00007fff3cc16000 	C:\Program Files\SentinelOne\Sentinel Agent 24.1.5.277\InProcessClient64.dll
0x00007fff61870000 - 0x00007fff61924000 	C:\WINDOWS\System32\ADVAPI32.dll
0x00007fff62d50000 - 0x00007fff62df9000 	C:\WINDOWS\System32\msvcrt.dll
0x00007fff631e0000 - 0x00007fff63286000 	C:\WINDOWS\System32\sechost.dll
0x00007fff61720000 - 0x00007fff61836000 	C:\WINDOWS\System32\RPCRT4.dll
0x00007fff60c60000 - 0x00007fff60dac000 	C:\WINDOWS\System32\ucrtbase.dll
0x00007fff44fb0000 - 0x00007fff44fc8000 	C:\Users\admin\Downloads\spring-tool-suite-4-4.26.0.RELEASE-e4.33.0-win32.win32.x86_64\sts-4.26.0.RELEASE\plugins\org.eclipse.justj.openjdk.hotspot.jre.full.win32.x86_64_21.0.4.v20240802-1551\jre\bin\jli.dll
0x00007fff3c670000 - 0x00007fff3c68b000 	C:\Users\admin\Downloads\spring-tool-suite-4-4.26.0.RELEASE-e4.33.0-win32.win32.x86_64\sts-4.26.0.RELEASE\plugins\org.eclipse.justj.openjdk.hotspot.jre.full.win32.x86_64_21.0.4.v20240802-1551\jre\bin\VCRUNTIME140.dll
0x00007fff63410000 - 0x00007fff635d9000 	C:\WINDOWS\System32\USER32.dll
0x00007fff35930000 - 0x00007fff35bc0000 	C:\WINDOWS\WinSxS\amd64_microsoft.windows.common-controls_6595b64144ccf1df_6.0.26100.3037_none_3e09262ce333c378\COMCTL32.dll
0x00007fff60db0000 - 0x00007fff60dd7000 	C:\WINDOWS\System32\win32u.dll
0x00007fff62cc0000 - 0x00007fff62cea000 	C:\WINDOWS\System32\GDI32.dll
0x00007fff610b0000 - 0x00007fff611db000 	C:\WINDOWS\System32\gdi32full.dll
0x00007fff60de0000 - 0x00007fff60e83000 	C:\WINDOWS\System32\msvcp_win.dll
0x00007fff60050000 - 0x00007fff6005b000 	C:\WINDOWS\SYSTEM32\VERSION.dll
0x00007fff60030000 - 0x00007fff6003c000 	C:\WINDOWS\SYSTEM32\FLTLIB.DLL
0x00007fff62a30000 - 0x00007fff62a5f000 	C:\WINDOWS\System32\IMM32.DLL
0x00007fff44610000 - 0x00007fff4461c000 	C:\Users\admin\Downloads\spring-tool-suite-4-4.26.0.RELEASE-e4.33.0-win32.win32.x86_64\sts-4.26.0.RELEASE\plugins\org.eclipse.justj.openjdk.hotspot.jre.full.win32.x86_64_21.0.4.v20240802-1551\jre\bin\vcruntime140_1.dll
0x00007fff3ade0000 - 0x00007fff3ae6e000 	C:\Users\admin\Downloads\spring-tool-suite-4-4.26.0.RELEASE-e4.33.0-win32.win32.x86_64\sts-4.26.0.RELEASE\plugins\org.eclipse.justj.openjdk.hotspot.jre.full.win32.x86_64_21.0.4.v20240802-1551\jre\bin\msvcp140.dll
0x00007ffed42d0000 - 0x00007ffed5058000 	C:\Users\admin\Downloads\spring-tool-suite-4-4.26.0.RELEASE-e4.33.0-win32.win32.x86_64\sts-4.26.0.RELEASE\plugins\org.eclipse.justj.openjdk.hotspot.jre.full.win32.x86_64_21.0.4.v20240802-1551\jre\bin\server\jvm.dll
0x00007fff63160000 - 0x00007fff631d4000 	C:\WINDOWS\System32\WS2_32.dll
0x00007fff60060000 - 0x00007fff600ae000 	C:\WINDOWS\SYSTEM32\POWRPROF.dll
0x00007fff596d0000 - 0x00007fff59706000 	C:\WINDOWS\SYSTEM32\WINMM.dll
0x00007fff5f8a0000 - 0x00007fff5f8b4000 	C:\WINDOWS\SYSTEM32\UMPDC.dll
0x00007fff5f760000 - 0x00007fff5f77a000 	C:\WINDOWS\SYSTEM32\kernel.appcore.dll
0x00007fff3d7b0000 - 0x00007fff3d7ba000 	C:\Users\admin\Downloads\spring-tool-suite-4-4.26.0.RELEASE-e4.33.0-win32.win32.x86_64\sts-4.26.0.RELEASE\plugins\org.eclipse.justj.openjdk.hotspot.jre.full.win32.x86_64_21.0.4.v20240802-1551\jre\bin\jimage.dll
0x00007fff3a050000 - 0x00007fff3a291000 	C:\WINDOWS\SYSTEM32\DBGHELP.DLL
0x00007fff61930000 - 0x00007fff61cae000 	C:\WINDOWS\System32\combase.dll
0x00007fff62fa0000 - 0x00007fff63076000 	C:\WINDOWS\System32\OLEAUT32.dll
0x00007fff3a010000 - 0x00007fff3a049000 	C:\WINDOWS\SYSTEM32\dbgcore.DLL
0x00007fff60e90000 - 0x00007fff60f29000 	C:\WINDOWS\System32\bcryptPrimitives.dll
0x00007fff2b670000 - 0x00007fff2b71d000 	C:\Program Files\SentinelOne\Sentinel Agent 24.1.5.277\SentinelJava64.dll
0x0000015e4cc80000 - 0x0000015e4ccdd000 	C:\WINDOWS\System32\SHLWAPI.dll
0x00007fff62e00000 - 0x00007fff62f95000 	C:\WINDOWS\System32\ole32.dll
0x00007fff3adc0000 - 0x00007fff3addf000 	C:\Users\admin\Downloads\spring-tool-suite-4-4.26.0.RELEASE-e4.33.0-win32.win32.x86_64\sts-4.26.0.RELEASE\plugins\org.eclipse.justj.openjdk.hotspot.jre.full.win32.x86_64_21.0.4.v20240802-1551\jre\bin\java.dll
0x00007fff3ada0000 - 0x00007fff3adb8000 	C:\Users\admin\Downloads\spring-tool-suite-4-4.26.0.RELEASE-e4.33.0-win32.win32.x86_64\sts-4.26.0.RELEASE\plugins\org.eclipse.justj.openjdk.hotspot.jre.full.win32.x86_64_21.0.4.v20240802-1551\jre\bin\zip.dll
0x00007fff62320000 - 0x00007fff62a24000 	C:\WINDOWS\System32\SHELL32.dll
0x00007fff5e5e0000 - 0x00007fff5ee17000 	C:\WINDOWS\SYSTEM32\windows.storage.dll
0x00007fff635e0000 - 0x00007fff636c9000 	C:\WINDOWS\System32\SHCORE.dll
0x00007fff60b70000 - 0x00007fff60b9e000 	C:\WINDOWS\SYSTEM32\profapi.dll
0x00007fff3cda0000 - 0x00007fff3cdb0000 	C:\Users\admin\Downloads\spring-tool-suite-4-4.26.0.RELEASE-e4.33.0-win32.win32.x86_64\sts-4.26.0.RELEASE\plugins\org.eclipse.justj.openjdk.hotspot.jre.full.win32.x86_64_21.0.4.v20240802-1551\jre\bin\net.dll
0x00007fff5a8d0000 - 0x00007fff5a9ee000 	C:\WINDOWS\SYSTEM32\WINHTTP.dll
0x00007fff5fc90000 - 0x00007fff5fcfa000 	C:\WINDOWS\system32\mswsock.dll
0x00007fff3acf0000 - 0x00007fff3ad06000 	C:\Users\admin\Downloads\spring-tool-suite-4-4.26.0.RELEASE-e4.33.0-win32.win32.x86_64\sts-4.26.0.RELEASE\plugins\org.eclipse.justj.openjdk.hotspot.jre.full.win32.x86_64_21.0.4.v20240802-1551\jre\bin\nio.dll
0x00007fff3c480000 - 0x00007fff3c48a000 	C:\Users\admin\Downloads\spring-tool-suite-4-4.26.0.RELEASE-e4.33.0-win32.win32.x86_64\sts-4.26.0.RELEASE\plugins\org.eclipse.justj.openjdk.hotspot.jre.full.win32.x86_64_21.0.4.v20240802-1551\jre\bin\management.dll
0x00007fff3b2e0000 - 0x00007fff3b2eb000 	C:\Users\admin\Downloads\spring-tool-suite-4-4.26.0.RELEASE-e4.33.0-win32.win32.x86_64\sts-4.26.0.RELEASE\plugins\org.eclipse.justj.openjdk.hotspot.jre.full.win32.x86_64_21.0.4.v20240802-1551\jre\bin\management_ext.dll
0x00007fff61700000 - 0x00007fff61708000 	C:\WINDOWS\System32\PSAPI.DLL
0x00007fff3a860000 - 0x00007fff3a878000 	C:\WINDOWS\system32\napinsp.dll
0x00007fff5f150000 - 0x00007fff5f275000 	C:\WINDOWS\SYSTEM32\DNSAPI.dll
0x00007fff5f110000 - 0x00007fff5f142000 	C:\WINDOWS\SYSTEM32\IPHLPAPI.DLL
0x00007fff61710000 - 0x00007fff6171a000 	C:\WINDOWS\System32\NSI.dll
0x00007fff3a840000 - 0x00007fff3a852000 	C:\WINDOWS\System32\winrnr.dll
0x00007fff38450000 - 0x00007fff38472000 	C:\WINDOWS\system32\nlansp_c.dll
0x00007fff38430000 - 0x00007fff38446000 	C:\WINDOWS\system32\wshbth.dll
0x00007fff45b60000 - 0x00007fff45b6b000 	C:\Windows\System32\rasadhlp.dll
0x00007fff59710000 - 0x00007fff59795000 	C:\WINDOWS\System32\fwpuclnt.dll
0x00007fff60400000 - 0x00007fff6041c000 	C:\WINDOWS\SYSTEM32\CRYPTSP.dll
0x00007fff5f650000 - 0x00007fff5f688000 	C:\WINDOWS\system32\rsaenh.dll
0x00007fff5fd30000 - 0x00007fff5fd5b000 	C:\WINDOWS\SYSTEM32\USERENV.dll
0x00007fff60590000 - 0x00007fff605b6000 	C:\WINDOWS\SYSTEM32\bcrypt.dll
0x00007fff5fec0000 - 0x00007fff5fecc000 	C:\WINDOWS\SYSTEM32\CRYPTBASE.dll
0x00007fff3b090000 - 0x00007fff3b099000 	C:\Users\admin\Downloads\spring-tool-suite-4-4.26.0.RELEASE-e4.33.0-win32.win32.x86_64\sts-4.26.0.RELEASE\plugins\org.eclipse.justj.openjdk.hotspot.jre.full.win32.x86_64_21.0.4.v20240802-1551\jre\bin\extnet.dll
0x00007fff3ace0000 - 0x00007fff3acee000 	C:\Users\admin\Downloads\spring-tool-suite-4-4.26.0.RELEASE-e4.33.0-win32.win32.x86_64\sts-4.26.0.RELEASE\plugins\org.eclipse.justj.openjdk.hotspot.jre.full.win32.x86_64_21.0.4.v20240802-1551\jre\bin\sunmscapi.dll
0x00007fff60f30000 - 0x00007fff610a6000 	C:\WINDOWS\System32\CRYPT32.dll
0x00007fff60550000 - 0x00007fff60580000 	C:\WINDOWS\SYSTEM32\ncrypt.dll
0x00007fff60500000 - 0x00007fff6053f000 	C:\WINDOWS\SYSTEM32\NTASN1.dll
0x00007fff2e770000 - 0x00007fff2e778000 	C:\WINDOWS\system32\wshunix.dll

dbghelp: loaded successfully - version: 4.0.5 - missing functions: none
symbol engine: initialized successfully - sym options: 0x614 - pdb path: .;C:\Users\admin\Downloads\spring-tool-suite-4-4.26.0.RELEASE-e4.33.0-win32.win32.x86_64\sts-4.26.0.RELEASE\plugins\org.eclipse.justj.openjdk.hotspot.jre.full.win32.x86_64_21.0.4.v20240802-1551\jre\bin;C:\WINDOWS\SYSTEM32;C:\Program Files\SentinelOne\Sentinel Agent 24.1.5.277;C:\WINDOWS\WinSxS\amd64_microsoft.windows.common-controls_6595b64144ccf1df_6.0.26100.3037_none_3e09262ce333c378;C:\Users\admin\Downloads\spring-tool-suite-4-4.26.0.RELEASE-e4.33.0-win32.win32.x86_64\sts-4.26.0.RELEASE\plugins\org.eclipse.justj.openjdk.hotspot.jre.full.win32.x86_64_21.0.4.v20240802-1551\jre\bin\server

VM Arguments:
jvm_args: -Dcom.sun.management.jmxremote -Dcom.sun.management.jmxremote.port=49478 -Dcom.sun.management.jmxremote.authenticate=false -Dcom.sun.management.jmxremote.ssl=false -Djava.rmi.server.hostname=localhost -Dspring.jmx.enabled=true -Dmanagement.endpoints.jmx.exposure.include=* -Dspring.application.admin.enabled=true -XX:TieredStopAtLevel=1 -Dspring.boot.project.name=login -Dfile.encoding=UTF-8 -Dstdout.encoding=UTF-8 -Dstderr.encoding=UTF-8 -XX:+ShowCodeDetailsInExceptionMessages -agentpath:C:\Program Files\SentinelOne\Sentinel Agent 24.1.5.277\SentinelJava64.dll=extendedCapabilities 
java_command: com.login.login.LoginApplication --spring.output.ansi.enabled=always
java_class_path (initial): D:\MySpringProject\login\login\target\classes;C:\Users\admin\.m2\repository\org\springframework\boot\spring-boot-starter-web\3.4.3\spring-boot-starter-web-3.4.3.jar;C:\Users\admin\.m2\repository\org\springframework\boot\spring-boot-starter\3.4.3\spring-boot-starter-3.4.3.jar;C:\Users\admin\.m2\repository\org\springframework\boot\spring-boot\3.4.3\spring-boot-3.4.3.jar;C:\Users\admin\.m2\repository\org\springframework\boot\spring-boot-autoconfigure\3.4.3\spring-boot-autoconfigure-3.4.3.jar;C:\Users\admin\.m2\repository\org\springframework\boot\spring-boot-starter-logging\3.4.3\spring-boot-starter-logging-3.4.3.jar;C:\Users\admin\.m2\repository\ch\qos\logback\logback-classic\1.5.16\logback-classic-1.5.16.jar;C:\Users\admin\.m2\repository\ch\qos\logback\logback-core\1.5.16\logback-core-1.5.16.jar;C:\Users\admin\.m2\repository\org\apache\logging\log4j\log4j-to-slf4j\2.24.3\log4j-to-slf4j-2.24.3.jar;C:\Users\admin\.m2\repository\org\apache\logging\log4j\log4j-api\2.24.3\log4j-api-2.24.3.jar;C:\Users\admin\.m2\repository\org\slf4j\jul-to-slf4j\2.0.16\jul-to-slf4j-2.0.16.jar;C:\Users\admin\.m2\repository\jakarta\annotation\jakarta.annotation-api\2.1.1\jakarta.annotation-api-2.1.1.jar;C:\Users\admin\.m2\repository\org\yaml\snakeyaml\2.3\snakeyaml-2.3.jar;C:\Users\admin\.m2\repository\org\springframework\boot\spring-boot-starter-json\3.4.3\spring-boot-starter-json-3.4.3.jar;C:\Users\admin\.m2\repository\com\fasterxml\jackson\core\jackson-databind\2.18.2\jackson-databind-2.18.2.jar;C:\Users\admin\.m2\repository\com\fasterxml\jackson\core\jackson-annotations\2.18.2\jackson-annotations-2.18.2.jar;C:\Users\admin\.m2\repository\com\fasterxml\jackson\core\jackson-core\2.18.2\jackson-core-2.18.2.jar;C:\Users\admin\.m2\repository\com\fasterxml\jackson\datatype\jackson-datatype-jdk8\2.18.2\jackson-datatype-jdk8-2.18.2.jar;C:\Users\admin\.m2\repository\com\fasterxml\jackson\datatype\jackson-datatype-jsr310\2.18.2\jackson-datatype-jsr310-2.18.2.jar;C:\Users\admin\.m2\repository\com\fasterxml\jackson\module\jackson-module-parameter-names\2.18.2\jackson-module-parameter-names-2.18.2.jar;C:\Users\admin\.m2\repository\org\springframework\boot\spring-boot-starter-tomcat\3.4.3\spring-boot-starter-tomcat-3.4.3.jar;C:\Users\admin\.m2\repository\org\apache\tomcat\embed\tomcat-embed-websocket\10.1.36\tomcat-embed-websocket-10.1.36.jar;C:\Users\admin\.m2\repository\org\springframework\spring-web\6.2.3\spring-web-6.2.3.jar;C:\Users\admin\.m2\repository\org\springframework\spring-beans\6.2.3\spring-beans-6.2.3.jar;C:\Users\admin\.m2\repository\io\micrometer\micrometer-observation\1.14.4\micrometer-observation-1.14.4.jar;C:\Users\admin\.m2\repository\io\micrometer\micrometer-commons\1.14.4\micrometer-commons-1.14.4.jar;C:\Users\admin\.m2\repository\org\springframework\spring-webmvc\6.2.3\spring-webmvc-6.2.3.jar;C:\Users\admin\.m2\repository\org\springframework\spring-aop\6.2.3\spring-aop-6.2.3.jar;C:\Users\admin\.m2\repository\org\springframework\spring-context\6.2.3\spring-context-6.2.3.jar;C:\Users\admin\.m2\repository\org\springframework\spring-expression\6.2.3\spring-expression-6.2.3.jar;C:\Users\admin\.m2\repository\org\projectlombok\lombok\1.18.36\lombok-1.18.36.jar;C:\Users\admin\.m2\repository\jakarta\servlet\jakarta.servlet-api\6.0.0\jakarta.servlet-api-6.0.0.jar;C:\Users\admin\.m2\repository\org\apache\tomcat\embed\tomcat-embed-jasper\10.1.36\tomcat-embed-jasper-10.1.36.jar;C:\Users\admin\.m2\repository\org\apache\tomcat\embed\tomcat-embed-core\10.1.36\tomcat-embed-core-10.1.36.jar;C:\Users\admin\.m2\repository\org\apache\tomcat\tomcat-annotations-api\10.1.36\tomcat-annotations-api-10.1.36.jar;C:\Users\admin\.m2\repository\org\apache\tomcat\embed\tomcat-embed-el\10.1.36\tomcat-embed-el-10.1.36.jar;C:\Users\admin\.m2\repository\org\eclipse\jdt\ecj\3.33.0\ecj-3.33.0.jar;C:\Users\admin\.m2\repository\org\slf4j\slf4j-api\2.0.16\slf4j-api-2.0.16.jar;C:\Users\admin\.m2\repository\org\springframework\spring-core\6.2.3\spring-core-6.2.3.jar;C:\Users\admin\.m2\repository\org\springframework\spring-jcl\6.2.3\spring-jcl-6.2.3.jar
Launcher Type: SUN_STANDARD

[Global flags]
     intx CICompilerCount                          = 12                                        {product} {ergonomic}
     uint ConcGCThreads                            = 4                                         {product} {ergonomic}
     uint G1ConcRefinementThreads                  = 15                                        {product} {ergonomic}
   size_t G1HeapRegionSize                         = 2097152                                   {product} {ergonomic}
    uintx GCDrainStackTargetSize                   = 64                                        {product} {ergonomic}
   size_t InitialHeapSize                          = 264241152                                 {product} {ergonomic}
     bool ManagementServer                         = true                                      {product} {command line}
   size_t MarkStackSize                            = 4194304                                   {product} {ergonomic}
   size_t MaxHeapSize                              = 4208984064                                {product} {ergonomic}
   size_t MaxNewSize                               = 2524971008                                {product} {ergonomic}
   size_t MinHeapDeltaBytes                        = 2097152                                   {product} {ergonomic}
   size_t MinHeapSize                              = 8388608                                   {product} {ergonomic}
    uintx NonNMethodCodeHeapSize                   = 4096                                   {pd product} {ergonomic}
    uintx NonProfiledCodeHeapSize                  = 0                                      {pd product} {ergonomic}
     bool ProfileInterpreter                       = false                                  {pd product} {command line}
    uintx ProfiledCodeHeapSize                     = 0                                      {pd product} {ergonomic}
     bool ShowCodeDetailsInExceptionMessages       = true                                   {manageable} {command line}
   size_t SoftMaxHeapSize                          = 4208984064                             {manageable} {ergonomic}
     intx TieredStopAtLevel                        = 1                                         {product} {command line}
     bool UseCompressedOops                        = true                           {product lp64_product} {ergonomic}
     bool UseG1GC                                  = true                                      {product} {ergonomic}
     bool UseLargePagesIndividualAllocation        = false                                  {pd product} {ergonomic}

Logging:
Log output configuration:
 #0: stdout all=warning uptime,level,tags foldmultilines=false
 #1: stderr all=off uptime,level,tags foldmultilines=false

Environment Variables:
PATH=C:/Users/admin/Downloads/spring-tool-suite-4-4.26.0.RELEASE-e4.33.0-win32.win32.x86_64/sts-4.26.0.RELEASE//plugins/org.eclipse.justj.openjdk.hotspot.jre.full.win32.x86_64_21.0.5.v20241023-1957/jre/bin/server;C:/Users/admin/Downloads/spring-tool-suite-4-4.26.0.RELEASE-e4.33.0-win32.win32.x86_64/sts-4.26.0.RELEASE//plugins/org.eclipse.justj.openjdk.hotspot.jre.full.win32.x86_64_21.0.5.v20241023-1957/jre/bin;C:\Program Files\Common Files\Oracle\Java\javapath;C:\Program Files (x86)\Common Files\Oracle\Java\javapath;C:\WINDOWS\system32;C:\WINDOWS;C:\WINDOWS\System32\Wbem;C:\WINDOWS\System32\WindowsPowerShell\v1.0\;C:\WINDOWS\System32\OpenSSH\;C:\Program Files\nodejs\;C:\Program Files\Java\jdk-17\bin;C:\Program Files\TortoiseGit\bin;C:\Program Files\Git\cmd;C:\Users\admin\AppData\Local\Microsoft\WindowsApps;C:\Program Files\Java\jdk-17;C:\Users\admin\AppData\Local\GitHubDesktop\bin;C:\Users\admin\AppData\Local\Programs\Microsoft VS Code\bin;C:\Users\admin\AppData\Roaming\npm;C:\Program Files\Java\jdk-17\bin;C:\Program Files\Java\jdk-21;;C:\Users\admin\Downloads\spring-tool-suite-4-4.26.0.RELEASE-e4.33.0-win32.win32.x86_64\sts-4.26.0.RELEASE;
USERNAME=admin
OS=Windows_NT
PROCESSOR_IDENTIFIER=Intel64 Family 6 Model 151 Stepping 2, GenuineIntel
TMP=C:\Users\admin\AppData\Local\Temp
TEMP=C:\Users\admin\AppData\Local\Temp




Periodic native trim disabled

---------------  S Y S T E M  ---------------

OS:
 Windows 11 , 64 bit Build 26100 (10.0.26100.3037)
OS uptime: 15 days 10:14 hours
Hyper-V role detected

CPU: total 20 (initial active 20) (10 cores per cpu, 2 threads per core) family 6 model 151 stepping 2 microcode 0x38, cx8, cmov, fxsr, ht, mmx, 3dnowpref, sse, sse2, sse3, ssse3, sse4.1, sse4.2, popcnt, lzcnt, tsc, tscinvbit, avx, avx2, aes, erms, clmul, bmi1, bmi2, adx, sha, fma, vzeroupper, clflush, clflushopt, clwb, hv, serialize, rdtscp, rdpid, fsrm, f16c, cet_ibt, cet_ss
Processor Information for all 20 processors :
  Max Mhz: 2100, Current Mhz: 2100, Mhz Limit: 2100

Memory: 4k page, system-wide physical 16053M (3814M free)
TotalPageFile size 29840M (AvailPageFile size 4444M)
current process WorkingSet (physical memory assigned to process): 186M, peak: 196M
current process commit charge ("private bytes"): 227M, peak: 375M

vm_info: OpenJDK 64-Bit Server VM (21.0.4+7-LTS) for windows-amd64 JRE (21.0.4+7-LTS), built on 2024-07-16T00:00:00Z by "admin" with MS VC++ 17.7 (VS2022)

END.
